<?xml version="1.0" encoding="UTF-8"?>
<!-- Generated by org.testng.reporters.JUnitXMLReporter -->
<testsuite hostname="ip-172-31-18-198" ignored="0" name="Default test" tests="3" failures="0" timestamp="03 Jun 2023 05:07:42 GMT" time="19.359" errors="0">
  <testcase name="test1" time="5.146" classname="testcases.LoginTest"/>
  <testcase name="test2" time="3.708" classname="testcases.LoginTest"/>
  <testcase name="test4" time="4.886" classname="testcases.LoginTest"/>
</testsuite> <!-- Default test -->
