<?xml version="1.0" encoding="UTF-8"?>
<!-- Generated by org.testng.reporters.JUnitXMLReporter -->
<testsuite hostname="ip-172-31-18-198" ignored="2" name="Test" tests="3" failures="0" timestamp="13 May 2023 08:39:53 GMT" time="11.374" errors="0">
  <testcase name="@BeforeMethod setUp" time="0.009" classname="testcases.BaseClass">
    <failure type="java.lang.NullPointerException">
      <![CDATA[java.lang.NullPointerException
at testcases.BaseClass.setUp(BaseClass.java:42)
... Removed 28 stack frames]]>
    </failure>
  </testcase> <!-- @BeforeMethod setUp -->
  <testcase name="@AfterMethod TearDown" time="0.0" classname="testcases.BaseClass">
    <skipped/>
  </testcase> <!-- @AfterMethod TearDown -->
  <testcase name="test1" time="3.585" classname="testcases.LoginTest"/>
  <testcase name="test2" time="4.046" classname="testcases.LoginTest"/>
  <testcase name="Test3" time="0.0" classname="testcases.HomePageTest">
    <skipped/>
  </testcase> <!-- Test3 -->
  <testcase name="@AfterTest ReportClean" time="0.0" classname="testcases.BaseClass">
    <ignored/>
  </testcase> <!-- @AfterTest ReportClean -->
  <testcase name="@BeforeTest ReportSetup" time="0.0" classname="testcases.BaseClass">
    <ignored/>
  </testcase> <!-- @BeforeTest ReportSetup -->
</testsuite> <!-- Test -->
