<?xml version="1.0" encoding="UTF-8"?>
<testng-results skipped="0" failed="0" ignored="0" total="3" passed="3">
  <reporter-output>
  </reporter-output>
  <suite name="Suite" duration-ms="18311" started-at="2023-06-03T05:12:42Z" finished-at="2023-06-03T05:13:00Z">
    <groups>
    </groups>
    <test name="Test" duration-ms="18311" started-at="2023-06-03T05:12:42Z" finished-at="2023-06-03T05:13:00Z">
      <class name="testcases.LoginTest">
        <test-method status="PASS" signature="ReportSetup()[pri:0, instance:testcases.LoginTest@7e2d773b]" name="ReportSetup" is-config="true" duration-ms="495" started-at="2023-06-03T05:12:42Z" finished-at="2023-06-03T05:12:42Z">
          <reporter-output>
          </reporter-output>
        </test-method> <!-- ReportSetup -->
        <test-method status="PASS" signature="SetUp(java.lang.reflect.Method)[pri:0, instance:testcases.LoginTest@7e2d773b]" name="SetUp" is-config="true" duration-ms="1796" started-at="2023-06-03T05:12:42Z" finished-at="2023-06-03T05:12:44Z">
          <params>
            <param index="0">
              <value>
                <![CDATA[public void testcases.LoginTest.test1()]]>
              </value>
            </param>
          </params>
          <reporter-output>
          </reporter-output>
        </test-method> <!-- SetUp -->
        <test-method status="PASS" signature="test1()[pri:0, instance:testcases.LoginTest@7e2d773b]" name="test1" duration-ms="5063" started-at="2023-06-03T05:12:44Z" finished-at="2023-06-03T05:12:49Z">
          <reporter-output>
          </reporter-output>
        </test-method> <!-- test1 -->
        <test-method status="PASS" signature="TearDown()[pri:0, instance:testcases.LoginTest@7e2d773b]" name="TearDown" is-config="true" duration-ms="73" started-at="2023-06-03T05:12:49Z" finished-at="2023-06-03T05:12:49Z">
          <reporter-output>
          </reporter-output>
        </test-method> <!-- TearDown -->
        <test-method status="PASS" signature="SetUp(java.lang.reflect.Method)[pri:0, instance:testcases.LoginTest@7e2d773b]" name="SetUp" is-config="true" duration-ms="1567" started-at="2023-06-03T05:12:49Z" finished-at="2023-06-03T05:12:51Z">
          <params>
            <param index="0">
              <value>
                <![CDATA[public void testcases.LoginTest.test2()]]>
              </value>
            </param>
          </params>
          <reporter-output>
          </reporter-output>
        </test-method> <!-- SetUp -->
        <test-method status="PASS" signature="test2()[pri:0, instance:testcases.LoginTest@7e2d773b]" name="test2" duration-ms="3836" started-at="2023-06-03T05:12:51Z" finished-at="2023-06-03T05:12:54Z">
          <reporter-output>
          </reporter-output>
        </test-method> <!-- test2 -->
        <test-method status="PASS" signature="TearDown()[pri:0, instance:testcases.LoginTest@7e2d773b]" name="TearDown" is-config="true" duration-ms="77" started-at="2023-06-03T05:12:54Z" finished-at="2023-06-03T05:12:54Z">
          <reporter-output>
          </reporter-output>
        </test-method> <!-- TearDown -->
        <test-method status="PASS" signature="SetUp(java.lang.reflect.Method)[pri:0, instance:testcases.LoginTest@7e2d773b]" name="SetUp" is-config="true" duration-ms="1480" started-at="2023-06-03T05:12:54Z" finished-at="2023-06-03T05:12:56Z">
          <params>
            <param index="0">
              <value>
                <![CDATA[public void testcases.LoginTest.test4() throws com.codoid.products.exception.FilloException]]>
              </value>
            </param>
          </params>
          <reporter-output>
          </reporter-output>
        </test-method> <!-- SetUp -->
        <test-method status="PASS" signature="test4()[pri:0, instance:testcases.LoginTest@7e2d773b]" name="test4" duration-ms="3588" started-at="2023-06-03T05:12:56Z" finished-at="2023-06-03T05:13:00Z">
          <reporter-output>
          </reporter-output>
        </test-method> <!-- test4 -->
        <test-method status="PASS" signature="TearDown()[pri:0, instance:testcases.LoginTest@7e2d773b]" name="TearDown" is-config="true" duration-ms="77" started-at="2023-06-03T05:13:00Z" finished-at="2023-06-03T05:13:00Z">
          <reporter-output>
          </reporter-output>
        </test-method> <!-- TearDown -->
        <test-method status="PASS" signature="ReportClean()[pri:0, instance:testcases.LoginTest@7e2d773b]" name="ReportClean" is-config="true" duration-ms="244" started-at="2023-06-03T05:13:00Z" finished-at="2023-06-03T05:13:00Z">
          <reporter-output>
          </reporter-output>
        </test-method> <!-- ReportClean -->
      </class> <!-- testcases.LoginTest -->
    </test> <!-- Test -->
  </suite> <!-- Suite -->
</testng-results>
