<?xml version="1.0" encoding="UTF-8"?>
<testng-results skipped="0" failed="0" ignored="0" total="3" passed="3">
  <reporter-output>
  </reporter-output>
  <suite name="Default suite" duration-ms="19359" started-at="2023-06-03T05:07:23Z" finished-at="2023-06-03T05:07:42Z">
    <groups>
    </groups>
    <test name="Default test" duration-ms="19359" started-at="2023-06-03T05:07:23Z" finished-at="2023-06-03T05:07:42Z">
      <class name="testcases.LoginTest">
        <test-method status="PASS" signature="ReportSetup()[pri:0, instance:testcases.LoginTest@7403c468]" name="ReportSetup" is-config="true" duration-ms="532" started-at="2023-06-03T05:07:23Z" finished-at="2023-06-03T05:07:24Z">
          <reporter-output>
          </reporter-output>
        </test-method> <!-- ReportSetup -->
        <test-method status="PASS" signature="SetUp(java.lang.reflect.Method)[pri:0, instance:testcases.LoginTest@7403c468]" name="SetUp" is-config="true" duration-ms="1578" started-at="2023-06-03T05:07:24Z" finished-at="2023-06-03T05:07:25Z">
          <params>
            <param index="0">
              <value>
                <![CDATA[public void testcases.LoginTest.test1()]]>
              </value>
            </param>
          </params>
          <reporter-output>
          </reporter-output>
        </test-method> <!-- SetUp -->
        <test-method status="PASS" signature="test1()[pri:0, instance:testcases.LoginTest@7403c468]" name="test1" duration-ms="5146" started-at="2023-06-03T05:07:25Z" finished-at="2023-06-03T05:07:30Z">
          <reporter-output>
          </reporter-output>
        </test-method> <!-- test1 -->
        <test-method status="PASS" signature="TearDown()[pri:0, instance:testcases.LoginTest@7403c468]" name="TearDown" is-config="true" duration-ms="79" started-at="2023-06-03T05:07:30Z" finished-at="2023-06-03T05:07:30Z">
          <reporter-output>
          </reporter-output>
        </test-method> <!-- TearDown -->
        <test-method status="PASS" signature="SetUp(java.lang.reflect.Method)[pri:0, instance:testcases.LoginTest@7403c468]" name="SetUp" is-config="true" duration-ms="1405" started-at="2023-06-03T05:07:30Z" finished-at="2023-06-03T05:07:32Z">
          <params>
            <param index="0">
              <value>
                <![CDATA[public void testcases.LoginTest.test2()]]>
              </value>
            </param>
          </params>
          <reporter-output>
          </reporter-output>
        </test-method> <!-- SetUp -->
        <test-method status="PASS" signature="test2()[pri:0, instance:testcases.LoginTest@7403c468]" name="test2" duration-ms="3708" started-at="2023-06-03T05:07:32Z" finished-at="2023-06-03T05:07:36Z">
          <reporter-output>
          </reporter-output>
        </test-method> <!-- test2 -->
        <test-method status="PASS" signature="TearDown()[pri:0, instance:testcases.LoginTest@7403c468]" name="TearDown" is-config="true" duration-ms="73" started-at="2023-06-03T05:07:36Z" finished-at="2023-06-03T05:07:36Z">
          <reporter-output>
          </reporter-output>
        </test-method> <!-- TearDown -->
        <test-method status="PASS" signature="SetUp(java.lang.reflect.Method)[pri:0, instance:testcases.LoginTest@7403c468]" name="SetUp" is-config="true" duration-ms="1574" started-at="2023-06-03T05:07:36Z" finished-at="2023-06-03T05:07:37Z">
          <params>
            <param index="0">
              <value>
                <![CDATA[public void testcases.LoginTest.test4() throws com.codoid.products.exception.FilloException]]>
              </value>
            </param>
          </params>
          <reporter-output>
          </reporter-output>
        </test-method> <!-- SetUp -->
        <test-method status="PASS" signature="test4()[pri:0, instance:testcases.LoginTest@7403c468]" name="test4" duration-ms="4886" started-at="2023-06-03T05:07:37Z" finished-at="2023-06-03T05:07:42Z">
          <reporter-output>
          </reporter-output>
        </test-method> <!-- test4 -->
        <test-method status="PASS" signature="TearDown()[pri:0, instance:testcases.LoginTest@7403c468]" name="TearDown" is-config="true" duration-ms="71" started-at="2023-06-03T05:07:42Z" finished-at="2023-06-03T05:07:42Z">
          <reporter-output>
          </reporter-output>
        </test-method> <!-- TearDown -->
        <test-method status="PASS" signature="ReportClean()[pri:0, instance:testcases.LoginTest@7403c468]" name="ReportClean" is-config="true" duration-ms="283" started-at="2023-06-03T05:07:42Z" finished-at="2023-06-03T05:07:42Z">
          <reporter-output>
          </reporter-output>
        </test-method> <!-- ReportClean -->
      </class> <!-- testcases.LoginTest -->
    </test> <!-- Default test -->
  </suite> <!-- Default suite -->
</testng-results>
